#
# There is insufficient memory for the Java Runtime Environment to continue.
# Native memory allocation (malloc) failed to allocate 1048576 bytes. Error detail: AllocateHeap
# Possible reasons:
#   The system is out of physical RAM or swap space
#   This process is running with CompressedOops enabled, and the Java Heap may be blocking the growth of the native heap
# Possible solutions:
#   Reduce memory load on the system
#   Increase physical memory or swap space
#   Check if swap backing store is full
#   Decrease Java heap size (-Xmx/-Xms)
#   Decrease number of Java threads
#   Decrease Java thread stack sizes (-Xss)
#   Set larger code cache with -XX:ReservedCodeCacheSize=
#   JVM is running with Unscaled Compressed Oops mode in which the Java heap is
#     placed in the first 4GB address space. The Java Heap base address is the
#     maximum limit for the native heap growth. Please use -XX:HeapBaseMinAddress
#     to set the Java Heap base and to place the Java Heap above 4GB virtual address.
# This output file may be truncated or incomplete.
#
#  Out of Memory Error (allocation.cpp:44), pid=14448, tid=2036
#
# JRE version: OpenJDK Runtime Environment Temurin-21.0.9+10 (21.0.9+10) (build 21.0.9+10-LTS)
# Java VM: OpenJDK 64-Bit Server VM Temurin-21.0.9+10 (21.0.9+10-LTS, mixed mode, sharing, tiered, compressed oops, compressed class ptrs, parallel gc, windows-amd64)
# No core dump will be written. Minidumps are not enabled by default on client versions of Windows
#

---------------  S U M M A R Y ------------

Command Line: --add-modules=ALL-SYSTEM --add-opens=java.base/java.util=ALL-UNNAMED --add-opens=java.base/java.lang=ALL-UNNAMED --add-opens=java.base/sun.nio.fs=ALL-UNNAMED -Declipse.application=org.eclipse.jdt.ls.core.id1 -Dosgi.bundles.defaultStartLevel=4 -Declipse.product=org.eclipse.jdt.ls.core.product -Djava.import.generatesMetadataFilesAtProjectRoot=false -DDetectVMInstallationsJob.disabled=true -Dfile.encoding=utf8 -XX:+UseParallelGC -XX:GCTimeRatio=4 -XX:AdaptiveSizePolicyWeight=90 -Dsun.zip.disableMemoryMapping=true -Xmx2G -Xms100m -Xlog:disable -javaagent:c:\Users\jidab\.vscode\extensions\redhat.java-1.52.0-win32-x64\lombok\lombok-1.18.39-4050.jar -XX:+HeapDumpOnOutOfMemoryError -XX:HeapDumpPath=c:\Users\jidab\AppData\Roaming\Code\User\workspaceStorage\0b50fb97c5bf0975db7ab38912fbe6a4\redhat.java -Daether.dependencyCollector.impl=bf c:\Users\jidab\.vscode\extensions\redhat.java-1.52.0-win32-x64\server\plugins\org.eclipse.equinox.launcher_1.7.100.v20251111-0406.jar -configuration c:\Users\jidab\AppData\Roaming\Code\User\globalStorage\redhat.java\1.52.0\config_win -data c:\Users\jidab\AppData\Roaming\Code\User\workspaceStorage\0b50fb97c5bf0975db7ab38912fbe6a4\redhat.java\jdt_ws --pipe=\\.\pipe\lsp-176d19aed2678f915c36f682174e9f4f-sock

Host: AMD Ryzen 3 3250U with Radeon Graphics         , 4 cores, 3G,  Windows 11 , 64 bit Build 26100 (10.0.26100.7623)
Time: Wed Feb 11 21:11:47 2026 India Standard Time elapsed time: 8227.968914 seconds (0d 2h 17m 7s)

---------------  T H R E A D  ---------------

Current thread (0x00000224cc3807b0):  JavaThread "Attach Listener" daemon [_thread_in_vm, id=2036, stack(0x0000002e95500000,0x0000002e95600000) (1024K)]

Stack: [0x0000002e95500000,0x0000002e95600000]
Native frames: (J=compiled Java code, j=interpreted, Vv=VM code, C=native code)
V  [jvm.dll+0x6d6e29]
V  [jvm.dll+0x8b4b76]
V  [jvm.dll+0x8b712e]
V  [jvm.dll+0x8b7813]
V  [jvm.dll+0x283d86]
V  [jvm.dll+0xc1277]
V  [jvm.dll+0x6d76d9]
V  [jvm.dll+0x133466]
V  [jvm.dll+0x3f7ea6]
V  [jvm.dll+0x85e9ad]
V  [jvm.dll+0x6d565d]
C  [ucrtbase.dll+0x37b0]
C  [KERNEL32.DLL+0x2e8d7]
C  [ntdll.dll+0x8c53c]


---------------  P R O C E S S  ---------------

Threads class SMR info:
_java_thread_list=0x00000224f5bfdfb0, length=31, elements={
0x00000224cc492c40, 0x00000224cc378b80, 0x00000224cc37aaa0, 0x00000224cc37fb60,
0x00000224cc3807b0, 0x00000224cc383310, 0x00000224cc383d60, 0x00000224cc386ba0,
0x00000224cc3bdbb0, 0x00000224e3b6c5a0, 0x00000224e3c89ae0, 0x00000224e8358620,
0x00000224e83d8f00, 0x00000224e3a0c520, 0x00000224e3a16800, 0x00000224e84a6850,
0x00000224e81601a0, 0x00000224e85eecf0, 0x00000224e85ef380, 0x00000224e85f0dc0,
0x00000224e9125fe0, 0x00000224e9124c30, 0x00000224e9125950, 0x00000224e91245a0,
0x00000224e9127390, 0x00000224e91252c0, 0x00000224e9126670, 0x00000224e9126d00,
0x00000224e86ab7d0, 0x00000224ebfe04a0, 0x00000224e86ad8a0
}

Java Threads: ( => current thread )
  0x00000224cc492c40 JavaThread "main"                              [_thread_blocked, id=9080, stack(0x0000002e94e00000,0x0000002e94f00000) (1024K)]
  0x00000224cc378b80 JavaThread "Reference Handler"          daemon [_thread_blocked, id=8564, stack(0x0000002e95200000,0x0000002e95300000) (1024K)]
  0x00000224cc37aaa0 JavaThread "Finalizer"                  daemon [_thread_blocked, id=13168, stack(0x0000002e95300000,0x0000002e95400000) (1024K)]
  0x00000224cc37fb60 JavaThread "Signal Dispatcher"          daemon [_thread_blocked, id=2188, stack(0x0000002e95400000,0x0000002e95500000) (1024K)]
=>0x00000224cc3807b0 JavaThread "Attach Listener"            daemon [_thread_in_vm, id=2036, stack(0x0000002e95500000,0x0000002e95600000) (1024K)]
  0x00000224cc383310 JavaThread "Service Thread"             daemon [_thread_blocked, id=13224, stack(0x0000002e95600000,0x0000002e95700000) (1024K)]
  0x00000224cc383d60 JavaThread "Monitor Deflation Thread"   daemon [_thread_blocked, id=6268, stack(0x0000002e95700000,0x0000002e95800000) (1024K)]
  0x00000224cc386ba0 JavaThread "C2 CompilerThread0"         daemon [_thread_blocked, id=10124, stack(0x0000002e95800000,0x0000002e95900000) (1024K)]
  0x00000224cc3bdbb0 JavaThread "C1 CompilerThread0"         daemon [_thread_blocked, id=10704, stack(0x0000002e95900000,0x0000002e95a00000) (1024K)]
  0x00000224e3b6c5a0 JavaThread "Common-Cleaner"             daemon [_thread_blocked, id=11956, stack(0x0000002e95a00000,0x0000002e95b00000) (1024K)]
  0x00000224e3c89ae0 JavaThread "Notification Thread"        daemon [_thread_blocked, id=10564, stack(0x0000002e95b00000,0x0000002e95c00000) (1024K)]
  0x00000224e8358620 JavaThread "Active Thread: Equinox Container: 0656d1a7-1708-4301-9c09-0c415a8ae492"        [_thread_blocked, id=11168, stack(0x0000002e95f00000,0x0000002e96000000) (1024K)]
  0x00000224e83d8f00 JavaThread "Refresh Thread: Equinox Container: 0656d1a7-1708-4301-9c09-0c415a8ae492" daemon [_thread_blocked, id=3012, stack(0x0000002e96000000,0x0000002e96100000) (1024K)]
  0x00000224e3a0c520 JavaThread "Framework Event Dispatcher: Equinox Container: 0656d1a7-1708-4301-9c09-0c415a8ae492" daemon [_thread_blocked, id=7508, stack(0x0000002e96100000,0x0000002e96200000) (1024K)]
  0x00000224e3a16800 JavaThread "Start Level: Equinox Container: 0656d1a7-1708-4301-9c09-0c415a8ae492" daemon [_thread_blocked, id=10340, stack(0x0000002e96200000,0x0000002e96300000) (1024K)]
  0x00000224e84a6850 JavaThread "Bundle File Closer"         daemon [_thread_blocked, id=6132, stack(0x0000002e96300000,0x0000002e96400000) (1024K)]
  0x00000224e81601a0 JavaThread "SCR Component Actor"        daemon [_thread_blocked, id=15268, stack(0x0000002e94c00000,0x0000002e94d00000) (1024K)]
  0x00000224e85eecf0 JavaThread "Worker-JM"                         [_thread_blocked, id=14240, stack(0x0000002e96500000,0x0000002e96600000) (1024K)]
  0x00000224e85ef380 JavaThread "JNA Cleaner"                daemon [_thread_blocked, id=4336, stack(0x0000002e96400000,0x0000002e96500000) (1024K)]
  0x00000224e85f0dc0 JavaThread "Java indexing"              daemon [_thread_blocked, id=14368, stack(0x0000002e96800000,0x0000002e96900000) (1024K)]
  0x00000224e9125fe0 JavaThread "Thread-1"                   daemon [_thread_in_native, id=12864, stack(0x0000002e96f00000,0x0000002e97000000) (1024K)]
  0x00000224e9124c30 JavaThread "Thread-2"                   daemon [_thread_in_native, id=13372, stack(0x0000002e97000000,0x0000002e97100000) (1024K)]
  0x00000224e9125950 JavaThread "Thread-3"                   daemon [_thread_in_native, id=11892, stack(0x0000002e97100000,0x0000002e97200000) (1024K)]
  0x00000224e91245a0 JavaThread "Thread-4"                   daemon [_thread_in_native, id=9552, stack(0x0000002e97200000,0x0000002e97300000) (1024K)]
  0x00000224e9127390 JavaThread "Thread-5"                   daemon [_thread_in_native, id=4588, stack(0x0000002e97300000,0x0000002e97400000) (1024K)]
  0x00000224e91252c0 JavaThread "pool-2-thread-1"                   [_thread_blocked, id=12008, stack(0x0000002e97400000,0x0000002e97500000) (1024K)]
  0x00000224e9126670 JavaThread "WorkspaceEventsHandler"            [_thread_blocked, id=10760, stack(0x0000002e97500000,0x0000002e97600000) (1024K)]
  0x00000224e9126d00 JavaThread "pool-1-thread-1"                   [_thread_blocked, id=13348, stack(0x0000002e97600000,0x0000002e97700000) (1024K)]
  0x00000224e86ab7d0 JavaThread "Cleaner-0"                  daemon [_thread_blocked, id=1324, stack(0x0000002e96e00000,0x0000002e96f00000) (1024K)]
  0x00000224ebfe04a0 JavaThread "Worker-8"                          [_thread_blocked, id=13404, stack(0x0000002e96b00000,0x0000002e96c00000) (1024K)]
  0x00000224e86ad8a0 JavaThread "Worker-18"                         [_thread_blocked, id=11760, stack(0x0000002e94d00000,0x0000002e94e00000) (1024K)]
Total: 31

Other Threads:
  0x00000224cc35e8a0 VMThread "VM Thread"                           [id=15992, stack(0x0000002e95100000,0x0000002e95200000) (1024K)]
  0x00000224cc31ca00 WatcherThread "VM Periodic Task Thread"        [id=12548, stack(0x0000002e95000000,0x0000002e95100000) (1024K)]
  0x00000224cc4b0e40 WorkerThread "GC Thread#0"                     [id=15816, stack(0x0000002e94f00000,0x0000002e95000000) (1024K)]
  0x00000224e818fa30 WorkerThread "GC Thread#1"                     [id=14544, stack(0x0000002e95c00000,0x0000002e95d00000) (1024K)]
  0x00000224e81dc6a0 WorkerThread "GC Thread#2"                     [id=15200, stack(0x0000002e95d00000,0x0000002e95e00000) (1024K)]
  0x00000224e818fdd0 WorkerThread "GC Thread#3"                     [id=14752, stack(0x0000002e95e00000,0x0000002e95f00000) (1024K)]
Total: 6

Threads with active compile tasks:
Total: 0

VM state: not at safepoint (normal execution)

VM Mutex/Monitor currently owned by a thread: None

Heap address: 0x0000000080000000, size: 2048 MB, Compressed Oops mode: 32-bit

CDS archive(s) mapped at: [0x0000022480000000-0x0000022480ba0000-0x0000022480ba0000), size 12189696, SharedBaseAddress: 0x0000022480000000, ArchiveRelocationMode: 1.
Compressed class space mapped at: 0x0000022481000000-0x00000224c1000000, reserved size: 1073741824
Narrow klass base: 0x0000022480000000, Narrow klass shift: 0, Narrow klass range: 0x100000000

GC Precious Log:
 CardTable entry size: 512
 CPUs: 4 total, 4 available
 Memory: 3460M
 Large Page Support: Disabled
 NUMA Support: Disabled
 Compressed Oops: Enabled (32-bit)
 Alignments: Space 512K, Generation 512K, Heap 2M
 Heap Min Capacity: 100M
 Heap Initial Capacity: 100M
 Heap Max Capacity: 2G
 Pre-touch: Disabled
 Parallel Workers: 4

Heap:
 PSYoungGen      total 3584K, used 1140K [0x00000000d5580000, 0x00000000d5a80000, 0x0000000100000000)
  eden space 3072K, 30% used [0x00000000d5580000,0x00000000d566d378,0x00000000d5880000)
  from space 512K, 37% used [0x00000000d5a00000,0x00000000d5a30000,0x00000000d5a80000)
  to   space 512K, 0% used [0x00000000d5980000,0x00000000d5980000,0x00000000d5a00000)
 ParOldGen       total 944640K, used 134498K [0x0000000080000000, 0x00000000b9a80000, 0x00000000d5580000)
  object space 944640K, 14% used [0x0000000080000000,0x00000000883589f0,0x00000000b9a80000)
 Metaspace       used 93197K, committed 94976K, reserved 1179648K
  class space    used 9342K, committed 10176K, reserved 1048576K

Card table byte_map: [0x00000224cbe30000,0x00000224cc240000] _byte_map_base: 0x00000224cba30000

Marking Bits: (ParMarkBitMap*) 0x00007ffb08032460
 Begin Bits: [0x00000224de940000, 0x00000224e0940000)
 End Bits:   [0x00000224e0940000, 0x00000224e2940000)

Polling page: 0x00000224ca2e0000

Metaspace:

Usage:
  Non-class:     81.89 MB used.
      Class:      9.12 MB used.
       Both:     91.01 MB used.

Virtual space:
  Non-class space:      128.00 MB reserved,      82.81 MB ( 65%) committed,  2 nodes.
      Class space:        1.00 GB reserved,       9.94 MB ( <1%) committed,  1 nodes.
             Both:        1.12 GB reserved,      92.75 MB (  8%) committed. 

Chunk freelists:
   Non-Class:  13.16 MB
       Class:  6.02 MB
        Both:  19.18 MB

MaxMetaspaceSize: unlimited
CompressedClassSpaceSize: 1.00 GB
Initial GC threshold: 21.00 MB
Current GC threshold: 154.38 MB
CDS: on
 - commit_granule_bytes: 65536.
 - commit_granule_words: 8192.
 - virtual_space_node_default_size: 8388608.
 - enlarge_chunks_in_place: 1.
 - use_allocation_guard: 0.


Internal statistics:

num_allocs_failed_limit: 9.
num_arena_births: 1998.
num_arena_deaths: 450.
num_vsnodes_births: 3.
num_vsnodes_deaths: 0.
num_space_committed: 1484.
num_space_uncommitted: 0.
num_chunks_returned_to_freelist: 547.
num_chunks_taken_from_freelist: 7037.
num_chunk_merges: 170.
num_chunk_splits: 3981.
num_chunks_enlarged: 2058.
num_inconsistent_stats: 0.

CodeHeap 'non-profiled nmethods': size=120000Kb used=24371Kb max_used=28437Kb free=95628Kb
 bounds [0x00000224d7160000, 0x00000224d8d30000, 0x00000224de690000]
CodeHeap 'profiled nmethods': size=120000Kb used=44695Kb max_used=55619Kb free=75304Kb
 bounds [0x00000224cf690000, 0x00000224d2cf0000, 0x00000224d6bc0000]
CodeHeap 'non-nmethods': size=5760Kb used=1528Kb max_used=1606Kb free=4231Kb
 bounds [0x00000224d6bc0000, 0x00000224d6e30000, 0x00000224d7160000]
CodeCache: size=245760Kb, used=70594Kb, max_used=85662Kb, free=175163Kb
 total_blobs=20064, nmethods=19218, adapters=747, full_count=0
Compilation: enabled, stopped_count=0, restarted_count=0

Compilation events (20 events):
Event: 3926.726 Thread 0x00000224cc3bdbb0 26432       3       java.lang.Math::multiplyHigh (86 bytes)
Event: 3926.727 Thread 0x00000224cc3bdbb0 nmethod 26432 0x00000224cf786c10 code [0x00000224cf786da0, 0x00000224cf786f08]
Event: 3926.727 Thread 0x00000224cc386ba0 26431       4       java.util.Formatter$Conversion::isValid (256 bytes)
Event: 3926.727 Thread 0x00000224cc3bdbb0 26433       3       java.lang.invoke.Invokers$Holder::linkToTargetMethod (15 bytes)
Event: 3926.728 Thread 0x00000224cc386ba0 nmethod 26431 0x00000224d71b7290 code [0x00000224d71b7420, 0x00000224d71b7508]
Event: 3926.728 Thread 0x00000224cc3bdbb0 nmethod 26433 0x00000224cf71b410 code [0x00000224cf71b5e0, 0x00000224cf71ba38]
Event: 3972.645 Thread 0x00000224cc3bdbb0 26434       3       java.util.AbstractCollection::toArray (144 bytes)
Event: 3972.679 Thread 0x00000224cc3bdbb0 nmethod 26434 0x00000224d1269c10 code [0x00000224d1269f00, 0x00000224d126b028]
Event: 3983.186 Thread 0x00000224cc3bdbb0 26435       3       java.lang.ProcessHandleImpl::<init> (15 bytes)
Event: 3983.187 Thread 0x00000224cc3bdbb0 nmethod 26435 0x00000224cf6ee890 code [0x00000224cf6eea40, 0x00000224cf6eebb0]
Event: 4843.884 Thread 0x00000224cc3bdbb0 26436       3       java.lang.ProcessHandleImpl::get (51 bytes)
Event: 4843.909 Thread 0x00000224cc3bdbb0 nmethod 26436 0x00000224cf999a10 code [0x00000224cf999c20, 0x00000224cf99a228]
Event: 4843.909 Thread 0x00000224cc3bdbb0 26437       3       java.lang.ProcessHandleImpl::isAlive (44 bytes)
Event: 4843.909 Thread 0x00000224cc3bdbb0 nmethod 26437 0x00000224cf8d2810 code [0x00000224cf8d29c0, 0x00000224cf8d2c20]
Event: 4974.026 Thread 0x00000224cc386ba0 26438       4       java.util.concurrent.locks.AbstractQueuedSynchronizer$Node::setStatusRelaxed (12 bytes)
Event: 4974.039 Thread 0x00000224cc386ba0 nmethod 26438 0x00000224d71bef90 code [0x00000224d71bf120, 0x00000224d71bf1b0]
Event: 5090.693 Thread 0x00000224cc3bdbb0 26439   !   3       java.util.logging.LogManager::getUserContext (118 bytes)
Event: 5090.705 Thread 0x00000224cc3bdbb0 nmethod 26439 0x00000224cf83b110 code [0x00000224cf83b2c0, 0x00000224cf83b530]
Event: 5090.705 Thread 0x00000224cc3bdbb0 26440       3       jdk.internal.access.SharedSecrets::getJavaAWTAccess (4 bytes)
Event: 5090.706 Thread 0x00000224cc3bdbb0 nmethod 26440 0x00000224cf6f7c10 code [0x00000224cf6f7da0, 0x00000224cf6f7e98]

GC Heap History (20 events):
Event: 3741.303 GC heap before
{Heap before GC invocations=2659 (full 6):
 PSYoungGen      total 2560K, used 2399K [0x00000000d5580000, 0x00000000d5880000, 0x0000000100000000)
  eden space 2048K, 99% used [0x00000000d5580000,0x00000000d577fff0,0x00000000d5780000)
  from space 512K, 68% used [0x00000000d5800000,0x00000000d5858000,0x00000000d5880000)
  to   space 512K, 0% used [0x00000000d5780000,0x00000000d5780000,0x00000000d5800000)
 ParOldGen       total 944640K, used 125767K [0x0000000080000000, 0x00000000b9a80000, 0x00000000d5580000)
  object space 944640K, 13% used [0x0000000080000000,0x0000000087ad1d88,0x00000000b9a80000)
 Metaspace       used 93143K, committed 94912K, reserved 1179648K
  class space    used 9342K, committed 10176K, reserved 1048576K
}
Event: 3741.309 GC heap after
{Heap after GC invocations=2659 (full 6):
 PSYoungGen      total 2560K, used 288K [0x00000000d5580000, 0x00000000d5900000, 0x0000000100000000)
  eden space 2048K, 0% used [0x00000000d5580000,0x00000000d5580000,0x00000000d5780000)
  from space 512K, 56% used [0x00000000d5780000,0x00000000d57c8000,0x00000000d5800000)
  to   space 512K, 0% used [0x00000000d5880000,0x00000000d5880000,0x00000000d5900000)
 ParOldGen       total 944640K, used 126071K [0x0000000080000000, 0x00000000b9a80000, 0x00000000d5580000)
  object space 944640K, 13% used [0x0000000080000000,0x0000000087b1dd88,0x00000000b9a80000)
 Metaspace       used 93143K, committed 94912K, reserved 1179648K
  class space    used 9342K, committed 10176K, reserved 1048576K
}
Event: 3741.549 GC heap before
{Heap before GC invocations=2660 (full 6):
 PSYoungGen      total 2560K, used 2336K [0x00000000d5580000, 0x00000000d5900000, 0x0000000100000000)
  eden space 2048K, 100% used [0x00000000d5580000,0x00000000d5780000,0x00000000d5780000)
  from space 512K, 56% used [0x00000000d5780000,0x00000000d57c8000,0x00000000d5800000)
  to   space 512K, 0% used [0x00000000d5880000,0x00000000d5880000,0x00000000d5900000)
 ParOldGen       total 944640K, used 126071K [0x0000000080000000, 0x00000000b9a80000, 0x00000000d5580000)
  object space 944640K, 13% used [0x0000000080000000,0x0000000087b1dd88,0x00000000b9a80000)
 Metaspace       used 93143K, committed 94912K, reserved 1179648K
  class space    used 9342K, committed 10176K, reserved 1048576K
}
Event: 3741.556 GC heap after
{Heap after GC invocations=2660 (full 6):
 PSYoungGen      total 3072K, used 346K [0x00000000d5580000, 0x00000000d5900000, 0x0000000100000000)
  eden space 2560K, 0% used [0x00000000d5580000,0x00000000d5580000,0x00000000d5800000)
  from space 512K, 67% used [0x00000000d5880000,0x00000000d58d6900,0x00000000d5900000)
  to   space 512K, 0% used [0x00000000d5800000,0x00000000d5800000,0x00000000d5880000)
 ParOldGen       total 944640K, used 126295K [0x0000000080000000, 0x00000000b9a80000, 0x00000000d5580000)
  object space 944640K, 13% used [0x0000000080000000,0x0000000087b55d88,0x00000000b9a80000)
 Metaspace       used 93143K, committed 94912K, reserved 1179648K
  class space    used 9342K, committed 10176K, reserved 1048576K
}
Event: 3741.852 GC heap before
{Heap before GC invocations=2661 (full 6):
 PSYoungGen      total 3072K, used 2906K [0x00000000d5580000, 0x00000000d5900000, 0x0000000100000000)
  eden space 2560K, 100% used [0x00000000d5580000,0x00000000d5800000,0x00000000d5800000)
  from space 512K, 67% used [0x00000000d5880000,0x00000000d58d6900,0x00000000d5900000)
  to   space 512K, 0% used [0x00000000d5800000,0x00000000d5800000,0x00000000d5880000)
 ParOldGen       total 944640K, used 126295K [0x0000000080000000, 0x00000000b9a80000, 0x00000000d5580000)
  object space 944640K, 13% used [0x0000000080000000,0x0000000087b55d88,0x00000000b9a80000)
 Metaspace       used 93143K, committed 94912K, reserved 1179648K
  class space    used 9342K, committed 10176K, reserved 1048576K
}
Event: 3741.864 GC heap after
{Heap after GC invocations=2661 (full 6):
 PSYoungGen      total 3072K, used 496K [0x00000000d5580000, 0x00000000d5d00000, 0x0000000100000000)
  eden space 2560K, 0% used [0x00000000d5580000,0x00000000d5580000,0x00000000d5800000)
  from space 512K, 96% used [0x00000000d5800000,0x00000000d587c1a0,0x00000000d5880000)
  to   space 2560K, 0% used [0x00000000d5a80000,0x00000000d5a80000,0x00000000d5d00000)
 ParOldGen       total 944640K, used 127730K [0x0000000080000000, 0x00000000b9a80000, 0x00000000d5580000)
  object space 944640K, 13% used [0x0000000080000000,0x0000000087cbc918,0x00000000b9a80000)
 Metaspace       used 93143K, committed 94912K, reserved 1179648K
  class space    used 9342K, committed 10176K, reserved 1048576K
}
Event: 3741.920 GC heap before
{Heap before GC invocations=2662 (full 6):
 PSYoungGen      total 3072K, used 3056K [0x00000000d5580000, 0x00000000d5d00000, 0x0000000100000000)
  eden space 2560K, 100% used [0x00000000d5580000,0x00000000d5800000,0x00000000d5800000)
  from space 512K, 96% used [0x00000000d5800000,0x00000000d587c1a0,0x00000000d5880000)
  to   space 2560K, 0% used [0x00000000d5a80000,0x00000000d5a80000,0x00000000d5d00000)
 ParOldGen       total 944640K, used 127730K [0x0000000080000000, 0x00000000b9a80000, 0x00000000d5580000)
  object space 944640K, 13% used [0x0000000080000000,0x0000000087cbc918,0x00000000b9a80000)
 Metaspace       used 93143K, committed 94912K, reserved 1179648K
  class space    used 9342K, committed 10176K, reserved 1048576K
}
Event: 3741.925 GC heap after
{Heap after GC invocations=2662 (full 6):
 PSYoungGen      total 5120K, used 2223K [0x00000000d5580000, 0x00000000d5d00000, 0x0000000100000000)
  eden space 2560K, 0% used [0x00000000d5580000,0x00000000d5580000,0x00000000d5800000)
  from space 2560K, 86% used [0x00000000d5a80000,0x00000000d5cabc80,0x00000000d5d00000)
  to   space 2560K, 0% used [0x00000000d5800000,0x00000000d5800000,0x00000000d5a80000)
 ParOldGen       total 944640K, used 128236K [0x0000000080000000, 0x00000000b9a80000, 0x00000000d5580000)
  object space 944640K, 13% used [0x0000000080000000,0x0000000087d3b220,0x00000000b9a80000)
 Metaspace       used 93143K, committed 94912K, reserved 1179648K
  class space    used 9342K, committed 10176K, reserved 1048576K
}
Event: 3742.003 GC heap before
{Heap before GC invocations=2663 (full 6):
 PSYoungGen      total 5120K, used 4783K [0x00000000d5580000, 0x00000000d5d00000, 0x0000000100000000)
  eden space 2560K, 100% used [0x00000000d5580000,0x00000000d5800000,0x00000000d5800000)
  from space 2560K, 86% used [0x00000000d5a80000,0x00000000d5cabc80,0x00000000d5d00000)
  to   space 2560K, 0% used [0x00000000d5800000,0x00000000d5800000,0x00000000d5a80000)
 ParOldGen       total 944640K, used 128236K [0x0000000080000000, 0x00000000b9a80000, 0x00000000d5580000)
  object space 944640K, 13% used [0x0000000080000000,0x0000000087d3b220,0x00000000b9a80000)
 Metaspace       used 93143K, committed 94912K, reserved 1179648K
  class space    used 9342K, committed 10176K, reserved 1048576K
}
Event: 3742.022 GC heap after
{Heap after GC invocations=2663 (full 6):
 PSYoungGen      total 5120K, used 1989K [0x00000000d5580000, 0x00000000d5d00000, 0x0000000100000000)
  eden space 2560K, 0% used [0x00000000d5580000,0x00000000d5580000,0x00000000d5800000)
  from space 2560K, 77% used [0x00000000d5800000,0x00000000d59f1498,0x00000000d5a80000)
  to   space 2560K, 0% used [0x00000000d5a80000,0x00000000d5a80000,0x00000000d5d00000)
 ParOldGen       total 944640K, used 130392K [0x0000000080000000, 0x00000000b9a80000, 0x00000000d5580000)
  object space 944640K, 13% used [0x0000000080000000,0x0000000087f561f0,0x00000000b9a80000)
 Metaspace       used 93143K, committed 94912K, reserved 1179648K
  class space    used 9342K, committed 10176K, reserved 1048576K
}
Event: 3742.303 GC heap before
{Heap before GC invocations=2664 (full 6):
 PSYoungGen      total 5120K, used 4540K [0x00000000d5580000, 0x00000000d5d00000, 0x0000000100000000)
  eden space 2560K, 99% used [0x00000000d5580000,0x00000000d57fdc40,0x00000000d5800000)
  from space 2560K, 77% used [0x00000000d5800000,0x00000000d59f1498,0x00000000d5a80000)
  to   space 2560K, 0% used [0x00000000d5a80000,0x00000000d5a80000,0x00000000d5d00000)
 ParOldGen       total 944640K, used 130392K [0x0000000080000000, 0x00000000b9a80000, 0x00000000d5580000)
  object space 944640K, 13% used [0x0000000080000000,0x0000000087f561f0,0x00000000b9a80000)
 Metaspace       used 93152K, committed 94912K, reserved 1179648K
  class space    used 9342K, committed 10176K, reserved 1048576K
}
Event: 3742.317 GC heap after
{Heap after GC invocations=2664 (full 6):
 PSYoungGen      total 4096K, used 1151K [0x00000000d5580000, 0x00000000d5c00000, 0x0000000100000000)
  eden space 2560K, 0% used [0x00000000d5580000,0x00000000d5580000,0x00000000d5800000)
  from space 1536K, 74% used [0x00000000d5a80000,0x00000000d5b9fdd0,0x00000000d5c00000)
  to   space 1536K, 0% used [0x00000000d5900000,0x00000000d5900000,0x00000000d5a80000)
 ParOldGen       total 944640K, used 132314K [0x0000000080000000, 0x00000000b9a80000, 0x00000000d5580000)
  object space 944640K, 14% used [0x0000000080000000,0x0000000088136a48,0x00000000b9a80000)
 Metaspace       used 93152K, committed 94912K, reserved 1179648K
  class space    used 9342K, committed 10176K, reserved 1048576K
}
Event: 3742.594 GC heap before
{Heap before GC invocations=2665 (full 6):
 PSYoungGen      total 4096K, used 3711K [0x00000000d5580000, 0x00000000d5c00000, 0x0000000100000000)
  eden space 2560K, 100% used [0x00000000d5580000,0x00000000d5800000,0x00000000d5800000)
  from space 1536K, 74% used [0x00000000d5a80000,0x00000000d5b9fdd0,0x00000000d5c00000)
  to   space 1536K, 0% used [0x00000000d5900000,0x00000000d5900000,0x00000000d5a80000)
 ParOldGen       total 944640K, used 132314K [0x0000000080000000, 0x00000000b9a80000, 0x00000000d5580000)
  object space 944640K, 14% used [0x0000000080000000,0x0000000088136a48,0x00000000b9a80000)
 Metaspace       used 93152K, committed 94912K, reserved 1179648K
  class space    used 9342K, committed 10176K, reserved 1048576K
}
Event: 3742.610 GC heap after
{Heap after GC invocations=2665 (full 6):
 PSYoungGen      total 3072K, used 512K [0x00000000d5580000, 0x00000000d5b00000, 0x0000000100000000)
  eden space 2560K, 0% used [0x00000000d5580000,0x00000000d5580000,0x00000000d5800000)
  from space 512K, 100% used [0x00000000d5900000,0x00000000d5980000,0x00000000d5980000)
  to   space 1024K, 0% used [0x00000000d5a00000,0x00000000d5a00000,0x00000000d5b00000)
 ParOldGen       total 944640K, used 133226K [0x0000000080000000, 0x00000000b9a80000, 0x00000000d5580000)
  object space 944640K, 14% used [0x0000000080000000,0x000000008821aab8,0x00000000b9a80000)
 Metaspace       used 93152K, committed 94912K, reserved 1179648K
  class space    used 9342K, committed 10176K, reserved 1048576K
}
Event: 3742.618 GC heap before
{Heap before GC invocations=2666 (full 6):
 PSYoungGen      total 3072K, used 3072K [0x00000000d5580000, 0x00000000d5b00000, 0x0000000100000000)
  eden space 2560K, 100% used [0x00000000d5580000,0x00000000d5800000,0x00000000d5800000)
  from space 512K, 100% used [0x00000000d5900000,0x00000000d5980000,0x00000000d5980000)
  to   space 1024K, 0% used [0x00000000d5a00000,0x00000000d5a00000,0x00000000d5b00000)
 ParOldGen       total 944640K, used 133226K [0x0000000080000000, 0x00000000b9a80000, 0x00000000d5580000)
  object space 944640K, 14% used [0x0000000080000000,0x000000008821aab8,0x00000000b9a80000)
 Metaspace       used 93152K, committed 94912K, reserved 1179648K
  class space    used 9342K, committed 10176K, reserved 1048576K
}
Event: 3742.623 GC heap after
{Heap after GC invocations=2666 (full 6):
 PSYoungGen      total 3072K, used 436K [0x00000000d5580000, 0x00000000d5a80000, 0x0000000100000000)
  eden space 2560K, 0% used [0x00000000d5580000,0x00000000d5580000,0x00000000d5800000)
  from space 512K, 85% used [0x00000000d5a00000,0x00000000d5a6d200,0x00000000d5a80000)
  to   space 1024K, 0% used [0x00000000d5880000,0x00000000d5880000,0x00000000d5980000)
 ParOldGen       total 944640K, used 133709K [0x0000000080000000, 0x00000000b9a80000, 0x00000000d5580000)
  object space 944640K, 14% used [0x0000000080000000,0x0000000088293730,0x00000000b9a80000)
 Metaspace       used 93152K, committed 94912K, reserved 1179648K
  class space    used 9342K, committed 10176K, reserved 1048576K
}
Event: 3742.632 GC heap before
{Heap before GC invocations=2667 (full 6):
 PSYoungGen      total 3072K, used 2996K [0x00000000d5580000, 0x00000000d5a80000, 0x0000000100000000)
  eden space 2560K, 100% used [0x00000000d5580000,0x00000000d5800000,0x00000000d5800000)
  from space 512K, 85% used [0x00000000d5a00000,0x00000000d5a6d200,0x00000000d5a80000)
  to   space 1024K, 0% used [0x00000000d5880000,0x00000000d5880000,0x00000000d5980000)
 ParOldGen       total 944640K, used 133709K [0x0000000080000000, 0x00000000b9a80000, 0x00000000d5580000)
  object space 944640K, 14% used [0x0000000080000000,0x0000000088293730,0x00000000b9a80000)
 Metaspace       used 93152K, committed 94912K, reserved 1179648K
  class space    used 9342K, committed 10176K, reserved 1048576K
}
Event: 3742.637 GC heap after
{Heap after GC invocations=2667 (full 6):
 PSYoungGen      total 4096K, used 416K [0x00000000d5580000, 0x00000000d5a80000, 0x0000000100000000)
  eden space 3072K, 0% used [0x00000000d5580000,0x00000000d5580000,0x00000000d5880000)
  from space 1024K, 40% used [0x00000000d5880000,0x00000000d58e8000,0x00000000d5980000)
  to   space 512K, 0% used [0x00000000d5a00000,0x00000000d5a00000,0x00000000d5a80000)
 ParOldGen       total 944640K, used 134138K [0x0000000080000000, 0x00000000b9a80000, 0x00000000d5580000)
  object space 944640K, 14% used [0x0000000080000000,0x00000000882fe9f0,0x00000000b9a80000)
 Metaspace       used 93152K, committed 94912K, reserved 1179648K
  class space    used 9342K, committed 10176K, reserved 1048576K
}
Event: 3926.736 GC heap before
{Heap before GC invocations=2668 (full 6):
 PSYoungGen      total 4096K, used 3488K [0x00000000d5580000, 0x00000000d5a80000, 0x0000000100000000)
  eden space 3072K, 100% used [0x00000000d5580000,0x00000000d5880000,0x00000000d5880000)
  from space 1024K, 40% used [0x00000000d5880000,0x00000000d58e8000,0x00000000d5980000)
  to   space 512K, 0% used [0x00000000d5a00000,0x00000000d5a00000,0x00000000d5a80000)
 ParOldGen       total 944640K, used 134138K [0x0000000080000000, 0x00000000b9a80000, 0x00000000d5580000)
  object space 944640K, 14% used [0x0000000080000000,0x00000000882fe9f0,0x00000000b9a80000)
 Metaspace       used 93195K, committed 94976K, reserved 1179648K
  class space    used 9342K, committed 10176K, reserved 1048576K
}
Event: 3926.849 GC heap after
{Heap after GC invocations=2668 (full 6):
 PSYoungGen      total 3584K, used 192K [0x00000000d5580000, 0x00000000d5a80000, 0x0000000100000000)
  eden space 3072K, 0% used [0x00000000d5580000,0x00000000d5580000,0x00000000d5880000)
  from space 512K, 37% used [0x00000000d5a00000,0x00000000d5a30000,0x00000000d5a80000)
  to   space 512K, 0% used [0x00000000d5980000,0x00000000d5980000,0x00000000d5a00000)
 ParOldGen       total 944640K, used 134498K [0x0000000080000000, 0x00000000b9a80000, 0x00000000d5580000)
  object space 944640K, 14% used [0x0000000080000000,0x00000000883589f0,0x00000000b9a80000)
 Metaspace       used 93195K, committed 94976K, reserved 1179648K
  class space    used 9342K, committed 10176K, reserved 1048576K
}

Dll operation events (12 events):
Event: 1.307 Loaded shared library c:\Users\jidab\.vscode\extensions\redhat.java-1.52.0-win32-x64\jre\21.0.9-win32-x86_64\bin\java.dll
Event: 1.684 Loaded shared library c:\Users\jidab\.vscode\extensions\redhat.java-1.52.0-win32-x64\jre\21.0.9-win32-x86_64\bin\zip.dll
Event: 1.769 Loaded shared library C:\Users\jidab\.vscode\extensions\redhat.java-1.52.0-win32-x64\jre\21.0.9-win32-x86_64\bin\instrument.dll
Event: 1.851 Loaded shared library C:\Users\jidab\.vscode\extensions\redhat.java-1.52.0-win32-x64\jre\21.0.9-win32-x86_64\bin\net.dll
Event: 1.878 Loaded shared library C:\Users\jidab\.vscode\extensions\redhat.java-1.52.0-win32-x64\jre\21.0.9-win32-x86_64\bin\nio.dll
Event: 1.912 Loaded shared library C:\Users\jidab\.vscode\extensions\redhat.java-1.52.0-win32-x64\jre\21.0.9-win32-x86_64\bin\zip.dll
Event: 1.991 Loaded shared library C:\Users\jidab\.vscode\extensions\redhat.java-1.52.0-win32-x64\jre\21.0.9-win32-x86_64\bin\jimage.dll
Event: 2.562 Loaded shared library c:\Users\jidab\.vscode\extensions\redhat.java-1.52.0-win32-x64\jre\21.0.9-win32-x86_64\bin\verify.dll
Event: 30.700 Loaded shared library C:\Users\jidab\AppData\Roaming\Code\User\globalStorage\redhat.java\1.52.0\config_win\org.eclipse.equinox.launcher\org.eclipse.equinox.launcher.win32.win32.x86_64_1.2.1500.v20260121-1430\eclipse_11919.dll
Event: 71.756 Loaded shared library C:\Users\jidab\AppData\Local\Temp\jna-101120486\jna12599910427598520096.dll
Event: 2404.674 Loaded shared library C:\Users\jidab\.vscode\extensions\redhat.java-1.52.0-win32-x64\jre\21.0.9-win32-x86_64\bin\sunmscapi.dll
Event: 2405.335 Loaded shared library C:\Users\jidab\.vscode\extensions\redhat.java-1.52.0-win32-x64\jre\21.0.9-win32-x86_64\bin\extnet.dll

Deoptimization events (20 events):
Event: 3742.156 Thread 0x00000224ebfe3290 Uncommon trap: trap_request=0xffffffde fr.pc=0x00000224d7611fb8 relative=0x0000000000000258
Event: 3742.156 Thread 0x00000224ebfe3290 Uncommon trap: reason=class_check action=maybe_recompile pc=0x00000224d7611fb8 method=org.eclipse.jdt.internal.compiler.parser.Parser.checkComment()V @ 29 c2
Event: 3742.156 Thread 0x00000224ebfe3290 DEOPT PACKING pc=0x00000224d7611fb8 sp=0x0000002e967fdec0
Event: 3742.158 Thread 0x00000224ebfe3290 DEOPT UNPACKING pc=0x00000224d6c13aa2 sp=0x0000002e967fde40 mode 2
Event: 3742.179 Thread 0x00000224ebfe3290 Uncommon trap: trap_request=0xffffffde fr.pc=0x00000224d7611fb8 relative=0x0000000000000258
Event: 3742.179 Thread 0x00000224ebfe3290 Uncommon trap: reason=class_check action=maybe_recompile pc=0x00000224d7611fb8 method=org.eclipse.jdt.internal.compiler.parser.Parser.checkComment()V @ 29 c2
Event: 3742.179 Thread 0x00000224ebfe3290 DEOPT PACKING pc=0x00000224d7611fb8 sp=0x0000002e967fdec0
Event: 3742.180 Thread 0x00000224ebfe3290 DEOPT UNPACKING pc=0x00000224d6c13aa2 sp=0x0000002e967fde40 mode 2
Event: 3745.118 Thread 0x00000224ebfe3290 Uncommon trap: trap_request=0xffffff45 fr.pc=0x00000224d7ea2cc0 relative=0x0000000000000400
Event: 3745.118 Thread 0x00000224ebfe3290 Uncommon trap: reason=unstable_if action=reinterpret pc=0x00000224d7ea2cc0 method=org.eclipse.jdt.core.compiler.CharOperation.concat([C[CC)[C @ 7 c2
Event: 3745.118 Thread 0x00000224ebfe3290 DEOPT PACKING pc=0x00000224d7ea2cc0 sp=0x0000002e967fe480
Event: 3745.118 Thread 0x00000224ebfe3290 DEOPT UNPACKING pc=0x00000224d6c13aa2 sp=0x0000002e967fe458 mode 2
Event: 3745.127 Thread 0x00000224ebfe3290 Uncommon trap: trap_request=0xffffffc6 fr.pc=0x00000224d8865e08 relative=0x00000000000021a8
Event: 3745.128 Thread 0x00000224ebfe3290 Uncommon trap: reason=bimorphic_or_optimized_type_check action=maybe_recompile pc=0x00000224d8865e08 method=org.eclipse.jdt.internal.core.manipulation.JavaElementLabelComposerCore.appendMethodParamsList(Lorg/eclipse/jdt/core/IMethod;JLjava/lang/String;)V 
Event: 3745.128 Thread 0x00000224ebfe3290 DEOPT PACKING pc=0x00000224d8865e08 sp=0x0000002e967fe530
Event: 3745.128 Thread 0x00000224ebfe3290 DEOPT UNPACKING pc=0x00000224d6c13aa2 sp=0x0000002e967fe4f0 mode 2
Event: 3924.813 Thread 0x00000224ebfe04a0 Uncommon trap: trap_request=0xffffff45 fr.pc=0x00000224d8a0d148 relative=0x0000000000000188
Event: 3924.813 Thread 0x00000224ebfe04a0 Uncommon trap: reason=unstable_if action=reinterpret pc=0x00000224d8a0d148 method=java.io.ObjectOutputStream$HandleTable.lookup(Ljava/lang/Object;)I @ 4 c2
Event: 3924.813 Thread 0x00000224ebfe04a0 DEOPT PACKING pc=0x00000224d8a0d148 sp=0x0000002e96bfeb80
Event: 3924.814 Thread 0x00000224ebfe04a0 DEOPT UNPACKING pc=0x00000224d6c13aa2 sp=0x0000002e96bfeb10 mode 2

Classes loaded (20 events):
Event: 3439.973 Loading class java/nio/BufferMismatch
Event: 3439.978 Loading class java/nio/BufferMismatch done
Event: 3483.515 Loading class java/util/stream/Nodes$CollectorTask$OfRef
Event: 3483.530 Loading class java/util/stream/Nodes$CollectorTask
Event: 3483.920 Loading class java/util/stream/Nodes$CollectorTask done
Event: 3483.920 Loading class java/util/stream/Nodes$CollectorTask$OfRef done
Event: 3483.936 Loading class java/util/function/LongFunction
Event: 3483.938 Loading class java/util/function/LongFunction done
Event: 3483.944 Loading class java/util/stream/Nodes$ConcNode
Event: 3483.948 Loading class java/util/stream/Nodes$AbstractConcNode
Event: 3483.954 Loading class java/util/stream/Nodes$AbstractConcNode done
Event: 3483.954 Loading class java/util/stream/Nodes$ConcNode done
Event: 3484.125 Loading class java/io/ObjectOutputStream$BlockDataOutputStream
Event: 3484.130 Loading class java/io/ObjectOutputStream$BlockDataOutputStream done
Event: 3484.130 Loading class java/io/ObjectOutputStream$HandleTable
Event: 3484.132 Loading class java/io/ObjectOutputStream$HandleTable done
Event: 3484.132 Loading class java/io/ObjectOutputStream$ReplaceTable
Event: 3484.135 Loading class java/io/ObjectOutputStream$ReplaceTable done
Event: 3568.841 Loading class java/util/Collections$EmptyListIterator
Event: 3568.842 Loading class java/util/Collections$EmptyListIterator done

Classes unloaded (20 events):
Event: 2233.360 Thread 0x00000224cc35e8a0 Unloading class 0x000002248101ec00 'java/lang/invoke/LambdaForm$MH+0x000002248101ec00'
Event: 2233.361 Thread 0x00000224cc35e8a0 Unloading class 0x0000022481018800 'java/lang/invoke/LambdaForm$MH+0x0000022481018800'
Event: 2233.361 Thread 0x00000224cc35e8a0 Unloading class 0x000002248100d800 'java/lang/invoke/LambdaForm$MH+0x000002248100d800'
Event: 2233.361 Thread 0x00000224cc35e8a0 Unloading class 0x000002248100d400 'java/lang/invoke/LambdaForm$MH+0x000002248100d400'
Event: 2233.361 Thread 0x00000224cc35e8a0 Unloading class 0x000002248100d000 'java/lang/invoke/LambdaForm$MH+0x000002248100d000'
Event: 2233.361 Thread 0x00000224cc35e8a0 Unloading class 0x000002248100cc00 'java/lang/invoke/LambdaForm$MH+0x000002248100cc00'
Event: 2233.361 Thread 0x00000224cc35e8a0 Unloading class 0x000002248100c800 'java/lang/invoke/LambdaForm$BMH+0x000002248100c800'
Event: 2233.361 Thread 0x00000224cc35e8a0 Unloading class 0x000002248100c000 'java/lang/invoke/LambdaForm$DMH+0x000002248100c000'
Event: 2233.362 Thread 0x00000224cc35e8a0 Unloading class 0x0000022481008c00 'java/lang/invoke/LambdaForm$MH+0x0000022481008c00'
Event: 2233.362 Thread 0x00000224cc35e8a0 Unloading class 0x0000022481008800 'java/lang/invoke/LambdaForm$MH+0x0000022481008800'
Event: 2233.362 Thread 0x00000224cc35e8a0 Unloading class 0x0000022481008400 'java/lang/invoke/LambdaForm$MH+0x0000022481008400'
Event: 2233.362 Thread 0x00000224cc35e8a0 Unloading class 0x0000022481007000 'java/lang/invoke/LambdaForm$MH+0x0000022481007000'
Event: 2233.362 Thread 0x00000224cc35e8a0 Unloading class 0x0000022481006800 'java/lang/invoke/LambdaForm$MH+0x0000022481006800'
Event: 2233.362 Thread 0x00000224cc35e8a0 Unloading class 0x0000022481006400 'java/lang/invoke/LambdaForm$MH+0x0000022481006400'
Event: 2233.362 Thread 0x00000224cc35e8a0 Unloading class 0x0000022481006000 'java/lang/invoke/LambdaForm$MH+0x0000022481006000'
Event: 2233.362 Thread 0x00000224cc35e8a0 Unloading class 0x0000022481005c00 'java/lang/invoke/LambdaForm$BMH+0x0000022481005c00'
Event: 2233.362 Thread 0x00000224cc35e8a0 Unloading class 0x0000022481004800 'java/lang/invoke/LambdaForm$DMH+0x0000022481004800'
Event: 2233.362 Thread 0x00000224cc35e8a0 Unloading class 0x0000022481002400 'java/lang/invoke/LambdaForm$MH+0x0000022481002400'
Event: 2233.362 Thread 0x00000224cc35e8a0 Unloading class 0x0000022481002000 'java/lang/invoke/LambdaForm$MH+0x0000022481002000'
Event: 2233.362 Thread 0x00000224cc35e8a0 Unloading class 0x0000022481001800 'java/lang/invoke/LambdaForm$MH+0x0000022481001800'

Classes redefined (0 events):
No events

Internal exceptions (20 events):
Event: 3484.313 Thread 0x00000224ebfe04a0 Exception <a 'java/lang/NoSuchMethodError'{0x00000000d5a3b0e0}: static Lorg/eclipse/m2e/core/internal/lifecyclemapping/model/PluginExecutionMetadata;.<clinit>()V> (0x00000000d5a3b0e0) 
thrown [s\src\hotspot\share\prims\jni.cpp, line 1111]
Event: 3484.331 Thread 0x00000224ebfe04a0 Exception <a 'java/lang/NoSuchMethodError'{0x00000000d5a65b10}: static Lorg/eclipse/m2e/core/internal/lifecyclemapping/model/PluginExecutionFilter;.<clinit>()V> (0x00000000d5a65b10) 
thrown [s\src\hotspot\share\prims\jni.cpp, line 1111]
Event: 3484.335 Thread 0x00000224ebfe04a0 Exception <a 'java/lang/NoSuchMethodError'{0x00000000d5a7ee28}: static Lorg/eclipse/m2e/core/internal/project/registry/MavenProjectFacade$MavenProjectConfiguration;.<clinit>()V> (0x00000000d5a7ee28) 
thrown [s\src\hotspot\share\prims\jni.cpp, line 1111]
Event: 3484.349 Thread 0x00000224ebfe04a0 Exception <a 'java/lang/NoSuchMethodError'{0x00000000d559b5a0}: static [J.<clinit>()V> (0x00000000d559b5a0) 
thrown [s\src\hotspot\share\prims\jni.cpp, line 1111]
Event: 3484.397 Thread 0x00000224ebfe04a0 Exception <a 'java/lang/NoSuchMethodError'{0x00000000d55cc3c0}: 'java.lang.Object java.lang.invoke.DirectMethodHandle$Holder.newInvokeSpecial(java.lang.Object, java.lang.Object, java.lang.Object, java.lang.Object, java.lang.Object, java.lang.Object, java.lang.Object, java.lang.Object)'> (0x00000000d55cc3c0) 
thrown [s\src\hotspot\share\interpreter\linkResolver.cpp, line 773]
Event: 3492.517 Thread 0x00000224ebfdea60 Exception <a 'java/lang/ArrayIndexOutOfBoundsException'{0x00000000d565a8b8}> (0x00000000d565a8b8) 
thrown [s\src\hotspot\share\runtime\sharedRuntime.cpp, line 625]
Event: 3600.057 Thread 0x00000224ebfe3290 Exception <a 'java/lang/ArrayIndexOutOfBoundsException'{0x00000000d57e3168}> (0x00000000d57e3168) 
thrown [s\src\hotspot\share\runtime\sharedRuntime.cpp, line 625]
Event: 3600.651 Thread 0x00000224e9126d00 Exception <a 'java/lang/ArrayIndexOutOfBoundsException'{0x00000000d5784120}> (0x00000000d5784120) 
thrown [s\src\hotspot\share\runtime\sharedRuntime.cpp, line 625]
Event: 3600.750 Thread 0x00000224ebfe3290 Exception <a 'java/lang/ArrayIndexOutOfBoundsException'{0x00000000d56ac998}> (0x00000000d56ac998) 
thrown [s\src\hotspot\share\runtime\sharedRuntime.cpp, line 625]
Event: 3601.466 Thread 0x00000224ebfdea60 Exception <a 'java/lang/ArrayIndexOutOfBoundsException'{0x00000000d56eca08}> (0x00000000d56eca08) 
thrown [s\src\hotspot\share\runtime\sharedRuntime.cpp, line 625]
Event: 3601.537 Thread 0x00000224ebfe3290 Exception <a 'java/lang/ArrayIndexOutOfBoundsException'{0x00000000d55e8318}> (0x00000000d55e8318) 
thrown [s\src\hotspot\share\runtime\sharedRuntime.cpp, line 625]
Event: 3601.721 Thread 0x00000224ebfe0b30 Exception <a 'java/lang/ArrayIndexOutOfBoundsException'{0x00000000d55a2ce8}> (0x00000000d55a2ce8) 
thrown [s\src\hotspot\share\runtime\sharedRuntime.cpp, line 625]
Event: 3603.442 Thread 0x00000224ebfdea60 Exception <a 'java/lang/ArrayIndexOutOfBoundsException'{0x00000000d5915920}> (0x00000000d5915920) 
thrown [s\src\hotspot\share\runtime\sharedRuntime.cpp, line 625]
Event: 3603.845 Thread 0x00000224ebfe0b30 Exception <a 'java/lang/ArrayIndexOutOfBoundsException'{0x00000000d56af9d8}> (0x00000000d56af9d8) 
thrown [s\src\hotspot\share\runtime\sharedRuntime.cpp, line 625]
Event: 3604.168 Thread 0x00000224ebfe0b30 Exception <a 'java/lang/ArrayIndexOutOfBoundsException'{0x00000000d55d1338}> (0x00000000d55d1338) 
thrown [s\src\hotspot\share\runtime\sharedRuntime.cpp, line 625]
Event: 3624.426 Thread 0x00000224e85f0dc0 Exception <a 'sun/nio/fs/WindowsException'{0x00000000d579cdb0}> (0x00000000d579cdb0) 
thrown [s\src\hotspot\share\prims\jni.cpp, line 520]
Event: 3624.866 Thread 0x00000224e85f0dc0 Exception <a 'sun/nio/fs/WindowsException'{0x00000000d558d158}> (0x00000000d558d158) 
thrown [s\src\hotspot\share\prims\jni.cpp, line 520]
Event: 3745.117 Thread 0x00000224ebfe3290 Implicit null exception at 0x00000224d7ea28ef to 0x00000224d7ea2cb0
Event: 3924.623 Thread 0x00000224ebfe04a0 Exception <a 'sun/nio/fs/WindowsException'{0x00000000d57a9a38}> (0x00000000d57a9a38) 
thrown [s\src\hotspot\share\prims\jni.cpp, line 520]
Event: 3924.635 Thread 0x00000224ebfe04a0 Exception <a 'sun/nio/fs/WindowsException'{0x00000000d57aa318}> (0x00000000d57aa318) 
thrown [s\src\hotspot\share\prims\jni.cpp, line 520]

ZGC Phase Switch (0 events):
No events

VM Operations (20 events):
Event: 3970.036 Executing VM operation: RendezvousGCThreads
Event: 3970.036 Executing VM operation: RendezvousGCThreads done
Event: 4030.207 Executing VM operation: HandshakeAllThreads (HandshakeForDeflation)
Event: 4030.207 Executing VM operation: HandshakeAllThreads (HandshakeForDeflation) done
Event: 4030.207 Executing VM operation: RendezvousGCThreads
Event: 4030.207 Executing VM operation: RendezvousGCThreads done
Event: 4931.732 Executing VM operation: HandshakeAllThreads (HandshakeForDeflation)
Event: 4931.736 Executing VM operation: HandshakeAllThreads (HandshakeForDeflation) done
Event: 4931.736 Executing VM operation: RendezvousGCThreads
Event: 4931.736 Executing VM operation: RendezvousGCThreads done
Event: 7308.418 Executing VM operation: HandshakeAllThreads (HandshakeForDeflation)
Event: 7308.423 Executing VM operation: HandshakeAllThreads (HandshakeForDeflation) done
Event: 7308.424 Executing VM operation: RendezvousGCThreads
Event: 7308.424 Executing VM operation: RendezvousGCThreads done
Event: 7526.209 Executing VM operation: Cleanup
Event: 7526.215 Executing VM operation: Cleanup done
Event: 8210.652 Executing VM operation: HandshakeAllThreads (HandshakeForDeflation)
Event: 8210.661 Executing VM operation: HandshakeAllThreads (HandshakeForDeflation) done
Event: 8210.662 Executing VM operation: RendezvousGCThreads
Event: 8210.662 Executing VM operation: RendezvousGCThreads done

Memory protections (0 events):
No events

Nmethod flushes (20 events):
Event: 3629.766 Thread 0x00000224cc35e8a0 flushing  nmethod 0x00000224d24cb090
Event: 3629.766 Thread 0x00000224cc35e8a0 flushing  nmethod 0x00000224d2519990
Event: 3629.766 Thread 0x00000224cc35e8a0 flushing  nmethod 0x00000224d251e990
Event: 3629.766 Thread 0x00000224cc35e8a0 flushing  nmethod 0x00000224d252de90
Event: 3629.767 Thread 0x00000224cc35e8a0 flushing  nmethod 0x00000224d2598790
Event: 3629.767 Thread 0x00000224cc35e8a0 flushing  nmethod 0x00000224d25a9110
Event: 3629.767 Thread 0x00000224cc35e8a0 flushing  nmethod 0x00000224d25aab10
Event: 3629.768 Thread 0x00000224cc35e8a0 flushing  nmethod 0x00000224d25fbb90
Event: 3629.768 Thread 0x00000224cc35e8a0 flushing  nmethod 0x00000224d260b510
Event: 3629.768 Thread 0x00000224cc35e8a0 flushing  nmethod 0x00000224d262fc10
Event: 3629.768 Thread 0x00000224cc35e8a0 flushing  nmethod 0x00000224d26a3e10
Event: 3629.768 Thread 0x00000224cc35e8a0 flushing  nmethod 0x00000224d26fc310
Event: 3629.769 Thread 0x00000224cc35e8a0 flushing  nmethod 0x00000224d26fef90
Event: 3629.769 Thread 0x00000224cc35e8a0 flushing  nmethod 0x00000224d2722e10
Event: 3629.769 Thread 0x00000224cc35e8a0 flushing  nmethod 0x00000224d272a490
Event: 3629.770 Thread 0x00000224cc35e8a0 flushing  nmethod 0x00000224d2735510
Event: 3629.770 Thread 0x00000224cc35e8a0 flushing  nmethod 0x00000224d2739910
Event: 3629.770 Thread 0x00000224cc35e8a0 flushing  nmethod 0x00000224d2769c90
Event: 3629.770 Thread 0x00000224cc35e8a0 flushing  nmethod 0x00000224d27b3a90
Event: 3629.770 Thread 0x00000224cc35e8a0 flushing osr nmethod 0x00000224d2811c10

Events (20 events):
Event: 3624.334 Thread 0x00000224ebfe04a0 Thread added: 0x00000224e8e77740
Event: 3624.751 Thread 0x00000224ebfe2c00 Thread added: 0x00000224e8e78af0
Event: 3625.084 Thread 0x00000224ebfe04a0 Thread added: 0x00000224eca04830
Event: 3685.973 Thread 0x00000224eca04830 Thread exited: 0x00000224eca04830
Event: 3691.437 Thread 0x00000224e86b0000 Thread exited: 0x00000224e86b0000
Event: 3691.439 Thread 0x00000224ebfdfe10 Thread exited: 0x00000224ebfdfe10
Event: 3691.442 Thread 0x00000224ebfe2c00 Thread exited: 0x00000224ebfe2c00
Event: 3734.293 Thread 0x00000224e86ad8a0 Thread exited: 0x00000224e86ad8a0
Event: 3805.897 Thread 0x00000224ebfe3290 Thread exited: 0x00000224ebfe3290
Event: 3865.603 Thread 0x00000224ebfdea60 Thread exited: 0x00000224ebfdea60
Event: 3924.482 Thread 0x00000224ebfe04a0 Thread added: 0x00000224e86adf30
Event: 3924.514 Thread 0x00000224e86adf30 Thread exited: 0x00000224e86adf30
Event: 3924.676 Thread 0x00000224ebfe04a0 Thread added: 0x00000224e86adf30
Event: 3924.693 Thread 0x00000224e86adf30 Thread exited: 0x00000224e86adf30
Event: 3924.796 Thread 0x00000224e8e77740 Thread exited: 0x00000224e8e77740
Event: 3925.614 Thread 0x00000224ebfe04a0 Thread added: 0x00000224e86ad8a0
Event: 3925.688 Thread 0x00000224ebfe0b30 Thread exited: 0x00000224ebfe0b30
Event: 4032.645 Thread 0x00000224e8e78af0 Thread exited: 0x00000224e8e78af0
Event: 7524.439 Thread 0x00000224e9126d00 Thread added: 0x00000224e86adf30
Event: 7585.836 Thread 0x00000224e86adf30 Thread exited: 0x00000224e86adf30


Dynamic libraries:
0x00007ff671be0000 - 0x00007ff671bee000 	c:\Users\jidab\.vscode\extensions\redhat.java-1.52.0-win32-x64\jre\21.0.9-win32-x86_64\bin\java.exe
0x00007ffb7b420000 - 0x00007ffb7b687000 	C:\WINDOWS\SYSTEM32\ntdll.dll
0x00007ffb7a1e0000 - 0x00007ffb7a2a9000 	C:\WINDOWS\System32\KERNEL32.DLL
0x00007ffb78620000 - 0x00007ffb78a0f000 	C:\WINDOWS\System32\KERNELBASE.dll
0x00007ffb78ef0000 - 0x00007ffb7903b000 	C:\WINDOWS\System32\ucrtbase.dll
0x00007ffb676a0000 - 0x00007ffb676b8000 	c:\Users\jidab\.vscode\extensions\redhat.java-1.52.0-win32-x64\jre\21.0.9-win32-x86_64\bin\jli.dll
0x00007ffb79a60000 - 0x00007ffb79c25000 	C:\WINDOWS\System32\USER32.dll
0x00007ffb78a20000 - 0x00007ffb78a47000 	C:\WINDOWS\System32\win32u.dll
0x00007ffb79ec0000 - 0x00007ffb79eeb000 	C:\WINDOWS\System32\GDI32.dll
0x00007ffb78dc0000 - 0x00007ffb78eec000 	C:\WINDOWS\System32\gdi32full.dll
0x00007ffb78570000 - 0x00007ffb78613000 	C:\WINDOWS\System32\msvcp_win.dll
0x00007ffb77770000 - 0x00007ffb77a03000 	C:\WINDOWS\WinSxS\amd64_microsoft.windows.common-controls_6595b64144ccf1df_6.0.26100.7309_none_3e05feeae336a044\COMCTL32.dll
0x00007ffb65310000 - 0x00007ffb6532e000 	c:\Users\jidab\.vscode\extensions\redhat.java-1.52.0-win32-x64\jre\21.0.9-win32-x86_64\bin\VCRUNTIME140.dll
0x00007ffb7ae10000 - 0x00007ffb7aeb9000 	C:\WINDOWS\System32\msvcrt.dll
0x00007ffb7b350000 - 0x00007ffb7b381000 	C:\WINDOWS\System32\IMM32.DLL
0x00007ffb6b640000 - 0x00007ffb6b64c000 	c:\Users\jidab\.vscode\extensions\redhat.java-1.52.0-win32-x64\jre\21.0.9-win32-x86_64\bin\vcruntime140_1.dll
0x00007ffb58660000 - 0x00007ffb586ed000 	c:\Users\jidab\.vscode\extensions\redhat.java-1.52.0-win32-x64\jre\21.0.9-win32-x86_64\bin\msvcp140.dll
0x00007ffb07370000 - 0x00007ffb08110000 	c:\Users\jidab\.vscode\extensions\redhat.java-1.52.0-win32-x64\jre\21.0.9-win32-x86_64\bin\server\jvm.dll
0x00007ffb7a7b0000 - 0x00007ffb7a864000 	C:\WINDOWS\System32\ADVAPI32.dll
0x00007ffb7a870000 - 0x00007ffb7a916000 	C:\WINDOWS\System32\sechost.dll
0x00007ffb79c30000 - 0x00007ffb79d48000 	C:\WINDOWS\System32\RPCRT4.dll
0x00007ffb7a2b0000 - 0x00007ffb7a324000 	C:\WINDOWS\System32\WS2_32.dll
0x00007ffb783d0000 - 0x00007ffb7842e000 	C:\WINDOWS\SYSTEM32\POWRPROF.dll
0x00007ffb70620000 - 0x00007ffb7062b000 	C:\WINDOWS\SYSTEM32\VERSION.dll
0x00007ffb705e0000 - 0x00007ffb70615000 	C:\WINDOWS\SYSTEM32\WINMM.dll
0x00007ffb783b0000 - 0x00007ffb783c4000 	C:\WINDOWS\SYSTEM32\UMPDC.dll
0x00007ffb769f0000 - 0x00007ffb76a0b000 	C:\WINDOWS\SYSTEM32\kernel.appcore.dll
0x00007ffb67620000 - 0x00007ffb6762a000 	c:\Users\jidab\.vscode\extensions\redhat.java-1.52.0-win32-x64\jre\21.0.9-win32-x86_64\bin\jimage.dll
0x00007ffb77d20000 - 0x00007ffb77f62000 	C:\WINDOWS\SYSTEM32\DBGHELP.DLL
0x00007ffb7a330000 - 0x00007ffb7a6b6000 	C:\WINDOWS\System32\combase.dll
0x00007ffb7a000000 - 0x00007ffb7a0d6000 	C:\WINDOWS\System32\OLEAUT32.dll
0x00007ffb77c10000 - 0x00007ffb77c4c000 	C:\WINDOWS\SYSTEM32\dbgcore.DLL
0x00007ffb78ba0000 - 0x00007ffb78c45000 	C:\WINDOWS\System32\bcryptPrimitives.dll
0x00007ffb67520000 - 0x00007ffb6752f000 	c:\Users\jidab\.vscode\extensions\redhat.java-1.52.0-win32-x64\jre\21.0.9-win32-x86_64\bin\instrument.dll
0x00007ffb61a30000 - 0x00007ffb61a50000 	c:\Users\jidab\.vscode\extensions\redhat.java-1.52.0-win32-x64\jre\21.0.9-win32-x86_64\bin\java.dll
0x00007ffb792a0000 - 0x00007ffb799f3000 	C:\WINDOWS\System32\SHELL32.dll
0x00007ffb78c50000 - 0x00007ffb78dba000 	C:\WINDOWS\System32\wintypes.dll
0x00007ffb75720000 - 0x00007ffb75f7e000 	C:\WINDOWS\SYSTEM32\windows.storage.dll
0x00007ffb79ef0000 - 0x00007ffb79fe5000 	C:\WINDOWS\System32\SHCORE.dll
0x00007ffb7a740000 - 0x00007ffb7a7a6000 	C:\WINDOWS\System32\shlwapi.dll
0x00007ffb78490000 - 0x00007ffb784b9000 	C:\WINDOWS\SYSTEM32\profapi.dll
0x00007ffb61280000 - 0x00007ffb61298000 	c:\Users\jidab\.vscode\extensions\redhat.java-1.52.0-win32-x64\jre\21.0.9-win32-x86_64\bin\zip.dll
0x00007ffb674f0000 - 0x00007ffb67500000 	C:\Users\jidab\.vscode\extensions\redhat.java-1.52.0-win32-x64\jre\21.0.9-win32-x86_64\bin\net.dll
0x00007ffb6e3a0000 - 0x00007ffb6e4c8000 	C:\WINDOWS\SYSTEM32\WINHTTP.dll
0x00007ffb76f60000 - 0x00007ffb76fcb000 	C:\WINDOWS\system32\mswsock.dll
0x00007ffb60260000 - 0x00007ffb60276000 	C:\Users\jidab\.vscode\extensions\redhat.java-1.52.0-win32-x64\jre\21.0.9-win32-x86_64\bin\nio.dll
0x00007ffb674c0000 - 0x00007ffb674d0000 	c:\Users\jidab\.vscode\extensions\redhat.java-1.52.0-win32-x64\jre\21.0.9-win32-x86_64\bin\verify.dll
0x00007ffb50800000 - 0x00007ffb50845000 	C:\Users\jidab\AppData\Roaming\Code\User\globalStorage\redhat.java\1.52.0\config_win\org.eclipse.equinox.launcher\org.eclipse.equinox.launcher.win32.win32.x86_64_1.2.1500.v20260121-1430\eclipse_11919.dll
0x00007ffb7ac70000 - 0x00007ffb7ae07000 	C:\WINDOWS\System32\ole32.dll
0x00007ffb78090000 - 0x00007ffb780ab000 	C:\WINDOWS\SYSTEM32\CRYPTSP.dll
0x00007ffb76e60000 - 0x00007ffb76e9a000 	C:\WINDOWS\system32\rsaenh.dll
0x00007ffb771c0000 - 0x00007ffb771eb000 	C:\WINDOWS\SYSTEM32\USERENV.dll
0x00007ffb78460000 - 0x00007ffb7848a000 	C:\WINDOWS\SYSTEM32\bcrypt.dll
0x00007ffb77520000 - 0x00007ffb7752c000 	C:\WINDOWS\SYSTEM32\CRYPTBASE.dll
0x00007ffb76490000 - 0x00007ffb764c4000 	C:\WINDOWS\SYSTEM32\IPHLPAPI.DLL
0x00007ffb79de0000 - 0x00007ffb79dea000 	C:\WINDOWS\System32\NSI.dll
0x00007ffb671b0000 - 0x00007ffb671f9000 	C:\Users\jidab\AppData\Local\Temp\jna-101120486\jna12599910427598520096.dll
0x00007ffb79ff0000 - 0x00007ffb79ff8000 	C:\WINDOWS\System32\PSAPI.DLL
0x00007ffb6e2d0000 - 0x00007ffb6e2ee000 	C:\WINDOWS\SYSTEM32\dhcpcsvc6.DLL
0x00007ffb6e2a0000 - 0x00007ffb6e2c3000 	C:\WINDOWS\SYSTEM32\dhcpcsvc.DLL
0x00007ffb746e0000 - 0x00007ffb746ee000 	C:\Users\jidab\.vscode\extensions\redhat.java-1.52.0-win32-x64\jre\21.0.9-win32-x86_64\bin\sunmscapi.dll
0x00007ffb79040000 - 0x00007ffb791b7000 	C:\WINDOWS\System32\CRYPT32.dll
0x00007ffb77630000 - 0x00007ffb77660000 	C:\WINDOWS\SYSTEM32\ncrypt.dll
0x00007ffb775e0000 - 0x00007ffb7761f000 	C:\WINDOWS\SYSTEM32\NTASN1.dll
0x00007ffb76530000 - 0x00007ffb7665c000 	C:\WINDOWS\SYSTEM32\DNSAPI.dll
0x00007ffb68880000 - 0x00007ffb6888b000 	C:\Windows\System32\rasadhlp.dll
0x00007ffb6c680000 - 0x00007ffb6c706000 	C:\WINDOWS\System32\fwpuclnt.dll
0x00007ffb6b920000 - 0x00007ffb6b929000 	C:\Users\jidab\.vscode\extensions\redhat.java-1.52.0-win32-x64\jre\21.0.9-win32-x86_64\bin\extnet.dll
0x00007ffb77ce0000 - 0x00007ffb77d16000 	C:\WINDOWS\SYSTEM32\ntmarta.dll

JVMTI agents:
c:\Users\jidab\.vscode\extensions\redhat.java-1.52.0-win32-x64\lombok\lombok-1.18.39-4050.jar path:c:\Users\jidab\.vscode\extensions\redhat.java-1.52.0-win32-x64\jre\21.0.9-win32-x86_64\bin\instrument.dll, loaded, initialized, instrumentlib options:none

dbghelp: loaded successfully - version: 4.0.5 - missing functions: none
symbol engine: initialized successfully - sym options: 0x614 - pdb path: .;c:\Users\jidab\.vscode\extensions\redhat.java-1.52.0-win32-x64\jre\21.0.9-win32-x86_64\bin;C:\WINDOWS\SYSTEM32;C:\WINDOWS\WinSxS\amd64_microsoft.windows.common-controls_6595b64144ccf1df_6.0.26100.7309_none_3e05feeae336a044;c:\Users\jidab\.vscode\extensions\redhat.java-1.52.0-win32-x64\jre\21.0.9-win32-x86_64\bin\server;C:\Users\jidab\AppData\Roaming\Code\User\globalStorage\redhat.java\1.52.0\config_win\org.eclipse.equinox.launcher\org.eclipse.equinox.launcher.win32.win32.x86_64_1.2.1500.v20260121-1430;C:\Users\jidab\AppData\Local\Temp\jna-101120486

VM Arguments:
jvm_args: --add-modules=ALL-SYSTEM --add-opens=java.base/java.util=ALL-UNNAMED --add-opens=java.base/java.lang=ALL-UNNAMED --add-opens=java.base/sun.nio.fs=ALL-UNNAMED -Declipse.application=org.eclipse.jdt.ls.core.id1 -Dosgi.bundles.defaultStartLevel=4 -Declipse.product=org.eclipse.jdt.ls.core.product -Djava.import.generatesMetadataFilesAtProjectRoot=false -DDetectVMInstallationsJob.disabled=true -Dfile.encoding=utf8 -XX:+UseParallelGC -XX:GCTimeRatio=4 -XX:AdaptiveSizePolicyWeight=90 -Dsun.zip.disableMemoryMapping=true -Xmx2G -Xms100m -Xlog:disable -javaagent:c:\Users\jidab\.vscode\extensions\redhat.java-1.52.0-win32-x64\lombok\lombok-1.18.39-4050.jar -XX:+HeapDumpOnOutOfMemoryError -XX:HeapDumpPath=c:\Users\jidab\AppData\Roaming\Code\User\workspaceStorage\0b50fb97c5bf0975db7ab38912fbe6a4\redhat.java -Daether.dependencyCollector.impl=bf 
java_command: c:\Users\jidab\.vscode\extensions\redhat.java-1.52.0-win32-x64\server\plugins\org.eclipse.equinox.launcher_1.7.100.v20251111-0406.jar -configuration c:\Users\jidab\AppData\Roaming\Code\User\globalStorage\redhat.java\1.52.0\config_win -data c:\Users\jidab\AppData\Roaming\Code\User\workspaceStorage\0b50fb97c5bf0975db7ab38912fbe6a4\redhat.java\jdt_ws --pipe=\\.\pipe\lsp-176d19aed2678f915c36f682174e9f4f-sock
java_class_path (initial): c:\Users\jidab\.vscode\extensions\redhat.java-1.52.0-win32-x64\server\plugins\org.eclipse.equinox.launcher_1.7.100.v20251111-0406.jar
Launcher Type: SUN_STANDARD

[Global flags]
    uintx AdaptiveSizePolicyWeight                 = 90                                        {product} {command line}
     intx CICompilerCount                          = 3                                         {product} {ergonomic}
    uintx GCTimeRatio                              = 4                                         {product} {command line}
     bool HeapDumpOnOutOfMemoryError               = true                                   {manageable} {command line}
    ccstr HeapDumpPath                             = c:\Users\jidab\AppData\Roaming\Code\User\workspaceStorage\0b50fb97c5bf0975db7ab38912fbe6a4\redhat.java         {manageable} {command line}
   size_t InitialHeapSize                          = 104857600                                 {product} {command line}
   size_t MaxHeapSize                              = 2147483648                                {product} {command line}
   size_t MaxNewSize                               = 715653120                                 {product} {ergonomic}
   size_t MinHeapDeltaBytes                        = 524288                                    {product} {ergonomic}
   size_t MinHeapSize                              = 104857600                                 {product} {command line}
   size_t NewSize                                  = 34603008                                  {product} {ergonomic}
    uintx NonNMethodCodeHeapSize                   = 5832780                                {pd product} {ergonomic}
    uintx NonProfiledCodeHeapSize                  = 122912730                              {pd product} {ergonomic}
   size_t OldSize                                  = 70254592                                  {product} {ergonomic}
    uintx ProfiledCodeHeapSize                     = 122912730                              {pd product} {ergonomic}
    uintx ReservedCodeCacheSize                    = 251658240                              {pd product} {ergonomic}
     bool SegmentedCodeCache                       = true                                      {product} {ergonomic}
   size_t SoftMaxHeapSize                          = 2147483648                             {manageable} {ergonomic}
     bool UseCompressedOops                        = true                           {product lp64_product} {ergonomic}
     bool UseLargePagesIndividualAllocation        = false                                  {pd product} {ergonomic}
     bool UseParallelGC                            = true                                      {product} {command line}

Logging:
Log output configuration:
 #0: stdout all=off uptime,level,tags foldmultilines=false
 #1: stderr all=off uptime,level,tags foldmultilines=false

Release file:
JAVA_VERSION="21.0.9" 
MODULES="java.base java.compiler java.datatransfer java.xml java.prefs java.desktop java.instrument java.logging java.management java.security.sasl java.naming java.rmi java.management.rmi java.net.http java.scripting java.security.jgss java.transaction.xa java.sql java.sql.rowset java.xml.crypto java.se java.smartcardio jdk.accessibility jdk.internal.jvmstat jdk.attach jdk.charsets jdk.internal.opt jdk.zipfs jdk.compiler jdk.crypto.ec jdk.crypto.cryptoki jdk.crypto.mscapi jdk.dynalink jdk.internal.ed jdk.editpad jdk.hotspot.agent jdk.httpserver jdk.internal.le jdk.internal.vm.ci jdk.internal.vm.compiler jdk.internal.vm.compiler.management jdk.jartool jdk.javadoc jdk.jcmd jdk.management jdk.management.agent jdk.jconsole jdk.jdeps jdk.jdwp.agent jdk.jdi jdk.jfr jdk.jshell jdk.jsobject jdk.jstatd jdk.localedata jdk.management.jfr jdk.naming.dns jdk.naming.rmi jdk.net jdk.nio.mapmode jdk.random jdk.sctp jdk.security.auth jdk.security.jgss jdk.unsupported jdk.unsupported.desktop jdk.xml.dom" 

Environment Variables:
PATH=C:\Program Files\Common Files\Oracle\Java\javapath;C:\Python314\Scripts\;C:\Python314\;C:\ProgramData\Oracle\Java\javapath;C:\WINDOWS\system32;C:\WINDOWS;C:\WINDOWS\System32\Wbem;C:\WINDOWS\System32\WindowsPowerShell\v1.0\;C:\WINDOWS\System32\OpenSSH\;C:\Program Files\Git\cmd;C:\ProgramData\chocolatey\bin;C:\Program Files\apache-maven-3.9.12-bin\apache-maven-3.9.12\bin;C:\Users\jidab\AppData\Local\Programs\Python\Python39\Scripts\;C:\Users\jidab\AppData\Local\Programs\Python\Python39\;C:\Users\jidab\AppData\Local\Programs\Python\Python311\Scripts\;C:\Users\jidab\AppData\Local\Programs\Python\Python311\;C:\Users\jidab\AppData\Local\Programs\Python\Python313\Scripts\;C:\Users\jidab\AppData\Local\Programs\Python\Python313\;C:\Program Files\MySQL\MySQL Shell 8.0\bin\;C:\Users\jidab\AppData\Local\Microsoft\WindowsApps;C:\Program Files\JetBrains\IntelliJ IDEA Community Edition 2025.1.3\bin;;C:\Users\jidab\AppData\Local\Programs\Microsoft VS Code\bin;C:\Program Files\mongosh\;C:\Program Files\JetBrains\PyCharm 2025.2.5\bin
USERNAME=jidab
OS=Windows_NT
PROCESSOR_IDENTIFIER=AMD64 Family 23 Model 24 Stepping 1, AuthenticAMD
TMP=C:\Users\jidab\AppData\Local\Temp
TEMP=C:\Users\jidab\AppData\Local\Temp




Periodic native trim disabled

---------------  S Y S T E M  ---------------

OS:
 Windows 11 , 64 bit Build 26100 (10.0.26100.7623)
OS uptime: 0 days 12:05 hours

CPU: total 4 (initial active 4) (4 cores per cpu, 2 threads per core) family 23 model 24 stepping 1 microcode 0x8108109, cx8, cmov, fxsr, ht, mmx, 3dnowpref, sse, sse2, sse3, ssse3, sse4a, sse4.1, sse4.2, popcnt, lzcnt, tsc, tscinvbit, avx, avx2, aes, clmul, bmi1, bmi2, adx, sha, fma, vzeroupper, clflush, clflushopt, rdtscp, f16c
Processor Information for the first 4 processors :
  Max Mhz: 2600, Current Mhz: 2600, Mhz Limit: 2600

Memory: 4k page, system-wide physical 3460M (176M free)
TotalPageFile size 14212M (AvailPageFile size 3M)
current process WorkingSet (physical memory assigned to process): 7M, peak: 564M
current process commit charge ("private bytes"): 1308M, peak: 1314M

vm_info: OpenJDK 64-Bit Server VM (21.0.9+10-LTS) for windows-amd64 JRE (21.0.9+10-LTS), built on 2025-10-21T00:00:00Z by "admin" with unknown MS VC++:1942

END.
